<?xml version="1.0" encoding="UTF-8"?>
<!-- Generated by org.testng.reporters.JUnitReportReporter -->
<testsuite hostname="LAPTOP-E956GLFD" failures="0" tests="1" name="com.crm.tests.ContactsTest" time="21.857" errors="0" timestamp="2021-07-17T21:17:16 IST" skipped="0">
  <testcase classname="com.crm.tests.ContactsTest" name="contactsTest" time="21.857"/>
  <system-out/>
</testsuite> <!-- com.crm.tests.ContactsTest -->
