<?xml version="1.0" encoding="UTF-8"?>
<!-- Generated by org.testng.reporters.JUnitReportReporter -->
<testsuite hostname="LAPTOP-E956GLFD" failures="0" tests="1" name="com.crm.testbase.Read" time="3.686" errors="0" timestamp="2021-06-11T08:43:39 IST" skipped="0">
  <testcase classname="com.crm.testbase.Read" name="read" time="3.686"/>
  <system-out/>
</testsuite> <!-- com.crm.testbase.Read -->
