<?xml version="1.0" encoding="UTF-8"?>
<!-- Generated by org.testng.reporters.JUnitReportReporter -->
<testsuite hostname="LAPTOP-E956GLFD" failures="0" tests="1" name="Tests.Form_Test" time="7.640" errors="0" timestamp="2021-06-20T12:57:20 IST" skipped="0">
  <testcase classname="Tests.Form_Test" name="forms_test" time="7.640"/>
  <system-out/>
</testsuite> <!-- Tests.Form_Test -->
