<?xml version="1.0" encoding="UTF-8"?>
<!-- Generated by org.testng.reporters.JUnitReportReporter -->
<testsuite hostname="LAPTOP-E956GLFD" failures="0" tests="3" name="Sample_Test" time="0.013" errors="0" timestamp="2021-07-11T19:50:10 IST" skipped="0">
  <testcase classname="Sample_Test" name="login" time="0.011"/>
  <system-out/>
  <testcase classname="Sample_Test" name="SENDMAIL" time="0.001"/>
  <system-out/>
  <testcase classname="Sample_Test" name="LOGOUT" time="0.001"/>
  <system-out/>
</testsuite> <!-- Sample_Test -->
