<?xml version="1.0" encoding="UTF-8"?>
<!-- Generated by org.testng.reporters.JUnitReportReporter -->
<testsuite hostname="LAPTOP-E956GLFD" failures="0" tests="1" name="com.janbask.sauceDemo.Sauce_login" time="6.803" errors="0" timestamp="2021-07-11T20:19:02 IST" skipped="0">
  <testcase classname="com.janbask.sauceDemo.Sauce_login" name="login" time="6.803"/>
  <system-out/>
</testsuite> <!-- com.janbask.sauceDemo.Sauce_login -->
