<?xml version="1.0" encoding="UTF-8"?>
<!-- Generated by org.testng.reporters.JUnitReportReporter -->
<testsuite hostname="LAPTOP-E956GLFD" failures="0" tests="3" name="com.janbask.testngFeatures.Priority" time="0.011" errors="0" timestamp="2021-07-11T10:49:56 IST" skipped="0">
  <testcase classname="com.janbask.testngFeatures.Priority" name="test1" time="0.008"/>
  <system-out/>
  <testcase classname="com.janbask.testngFeatures.Priority" name="test3" time="0.001"/>
  <system-out/>
  <testcase classname="com.janbask.testngFeatures.Priority" name="test2" time="0.002"/>
  <system-out/>
</testsuite> <!-- com.janbask.testngFeatures.Priority -->
