<?xml version="1.0" encoding="UTF-8"?>
<!-- Generated by org.testng.reporters.JUnitReportReporter -->
<testsuite hostname="LAPTOP-E956GLFD" failures="0" tests="1" name="Test1" time="0.008" errors="0" timestamp="2021-07-11T10:38:43 IST" skipped="0">
  <testcase classname="Test1" name="test" time="0.008"/>
  <system-out/>
</testsuite> <!-- Test1 -->
