<?xml version="1.0" encoding="UTF-8"?>
<!-- Generated by org.testng.reporters.JUnitReportReporter -->
<testsuite hostname="LAPTOP-E956GLFD" failures="0" tests="1" name="com.janbask.sauceDemo.Sauce_LogOut" time="6.072" errors="0" timestamp="2021-07-11T20:19:02 IST" skipped="0">
  <testcase classname="com.janbask.sauceDemo.Sauce_LogOut" name="logout" time="6.072"/>
  <system-out/>
</testsuite> <!-- com.janbask.sauceDemo.Sauce_LogOut -->
