<?xml version="1.0" encoding="UTF-8"?>
<!-- Generated by org.testng.reporters.JUnitReportReporter -->
<testsuite hostname="LAPTOP-E956GLFD" failures="0" tests="4" name="com.janbask.testngFeatures.Data_provider" time="0.017" errors="0" timestamp="2021-07-11T20:29:41 IST" skipped="0">
  <testcase classname="com.janbask.testngFeatures.Data_provider" name="f" time="0.002"/>
  <system-out/>
  <testcase classname="com.janbask.testngFeatures.Data_provider" name="f" time="0.002"/>
  <system-out/>
  <testcase classname="com.janbask.testngFeatures.Data_provider" name="f" time="0.003"/>
  <system-out/>
  <testcase classname="com.janbask.testngFeatures.Data_provider" name="f" time="0.010"/>
  <system-out/>
</testsuite> <!-- com.janbask.testngFeatures.Data_provider -->
