<?xml version="1.0" encoding="UTF-8"?>
<!-- Generated by org.testng.reporters.JUnitReportReporter -->
<testsuite hostname="LAPTOP-E956GLFD" failures="0" tests="2" name="com.janbask.testngFeatures.Depends" time="0.011" errors="0" timestamp="2021-07-11T19:47:42 IST" skipped="0">
  <testcase classname="com.janbask.testngFeatures.Depends" name="test1" time="0.002"/>
  <system-out/>
  <testcase classname="com.janbask.testngFeatures.Depends" name="test2" time="0.009"/>
  <system-out/>
</testsuite> <!-- com.janbask.testngFeatures.Depends -->
