<?xml version="1.0" encoding="UTF-8"?>
<!-- Generated by org.testng.reporters.JUnitReportReporter -->
<testsuite hostname="LAPTOP-E956GLFD" failures="0" tests="3" name="com.janbask.testngFeatures.Annotations_test" time="0.012" errors="0" timestamp="2021-07-11T19:45:23 IST" skipped="0">
  <testcase classname="com.janbask.testngFeatures.Annotations_test" name="method1" time="0.008"/>
  <system-out/>
  <testcase classname="com.janbask.testngFeatures.Annotations_test" name="method2" time="0.002"/>
  <system-out/>
  <testcase classname="com.janbask.testngFeatures.Annotations_test" name="method3" time="0.002"/>
  <system-out/>
</testsuite> <!-- com.janbask.testngFeatures.Annotations_test -->
