<?xml version="1.0" encoding="UTF-8"?>
<!-- Generated by org.testng.reporters.JUnitReportReporter -->
<testsuite hostname="LAPTOP-E956GLFD" failures="0" tests="1" name="Login_test" time="7.238" errors="0" timestamp="2021-07-11T21:02:20 IST" skipped="0">
  <testcase classname="Login_test" name="login" time="7.238"/>
  <system-out/>
</testsuite> <!-- Login_test -->
