<?xml version="1.0" encoding="UTF-8"?>
<!-- Generated by org.testng.reporters.JUnitReportReporter -->
<testsuite skipped="0" hostname="LAPTOP-E956GLFD" name="Tests.Form_Test" tests="1" failures="0" timestamp="2021-07-24T20:45:56 IST" time="8.294" errors="0">
  <testcase name="forms_test" time="8.294" classname="Tests.Form_Test"/>
  <system-out/>
</testsuite> <!-- Tests.Form_Test -->
