<?xml version="1.0" encoding="UTF-8"?>
<testsuite xmlns:xsi="http://www.w3.org/2001/XMLSchema-instance" xsi:noNamespaceSchemaLocation="https://maven.apache.org/surefire/maven-surefire-plugin/xsd/surefire-test-report.xsd" name="com.janbask.bdd.Test_Runner" time="0.88" tests="24" errors="0" skipped="0" failures="0">
  <properties>
    <property name="sun.desktop" value="windows"/>
    <property name="awt.toolkit" value="sun.awt.windows.WToolkit"/>
    <property name="file.encoding.pkg" value="sun.io"/>
    <property name="java.specification.version" value="1.8"/>
    <property name="sun.cpu.isalist" value="amd64"/>
    <property name="sun.jnu.encoding" value="Cp1252"/>
    <property name="java.class.path" value="D:\JANBASK\WEEKEND_WORKSPACE_BATCH1\BDD\target\test-classes;D:\JANBASK\WEEKEND_WORKSPACE_BATCH1\BDD\target\classes;C:\Users\somai\.m2\repository\junit\junit\4.12\junit-4.12.jar;C:\Users\somai\.m2\repository\org\hamcrest\hamcrest-core\1.3\hamcrest-core-1.3.jar;C:\Users\somai\.m2\repository\info\cukes\cucumber-java\1.2.5\cucumber-java-1.2.5.jar;C:\Users\somai\.m2\repository\info\cukes\cucumber-core\1.2.5\cucumber-core-1.2.5.jar;C:\Users\somai\.m2\repository\info\cukes\cucumber-html\0.2.3\cucumber-html-0.2.3.jar;C:\Users\somai\.m2\repository\info\cukes\cucumber-jvm-deps\1.0.5\cucumber-jvm-deps-1.0.5.jar;C:\Users\somai\.m2\repository\info\cukes\gherkin\2.12.2\gherkin-2.12.2.jar;C:\Users\somai\.m2\repository\info\cukes\cucumber-junit\1.2.5\cucumber-junit-1.2.5.jar;"/>
    <property name="java.vm.vendor" value="Oracle Corporation"/>
    <property name="sun.arch.data.model" value="64"/>
    <property name="user.variant" value=""/>
    <property name="java.vendor.url" value="http://java.oracle.com/"/>
    <property name="user.timezone" value="Asia/Calcutta"/>
    <property name="java.vm.specification.version" value="1.8"/>
    <property name="os.name" value="Windows 10"/>
    <property name="user.country" value="IN"/>
    <property name="sun.java.launcher" value="SUN_STANDARD"/>
    <property name="sun.boot.library.path" value="C:\Program Files\Java\jdk1.8.0_202\jre\bin"/>
    <property name="sun.java.command" value="C:\Users\somai\AppData\Local\Temp\surefire3060580302491434164\surefirebooter66522560793666967.jar C:\Users\somai\AppData\Local\Temp\surefire3060580302491434164 2021-07-17T22-24-15_476-jvmRun1 surefire2458721690535909126tmp surefire_07062360967889127032tmp"/>
    <property name="surefire.test.class.path" value="D:\JANBASK\WEEKEND_WORKSPACE_BATCH1\BDD\target\test-classes;D:\JANBASK\WEEKEND_WORKSPACE_BATCH1\BDD\target\classes;C:\Users\somai\.m2\repository\junit\junit\4.12\junit-4.12.jar;C:\Users\somai\.m2\repository\org\hamcrest\hamcrest-core\1.3\hamcrest-core-1.3.jar;C:\Users\somai\.m2\repository\info\cukes\cucumber-java\1.2.5\cucumber-java-1.2.5.jar;C:\Users\somai\.m2\repository\info\cukes\cucumber-core\1.2.5\cucumber-core-1.2.5.jar;C:\Users\somai\.m2\repository\info\cukes\cucumber-html\0.2.3\cucumber-html-0.2.3.jar;C:\Users\somai\.m2\repository\info\cukes\cucumber-jvm-deps\1.0.5\cucumber-jvm-deps-1.0.5.jar;C:\Users\somai\.m2\repository\info\cukes\gherkin\2.12.2\gherkin-2.12.2.jar;C:\Users\somai\.m2\repository\info\cukes\cucumber-junit\1.2.5\cucumber-junit-1.2.5.jar;"/>
    <property name="sun.cpu.endian" value="little"/>
    <property name="user.home" value="C:\Users\somai"/>
    <property name="user.language" value="en"/>
    <property name="java.specification.vendor" value="Oracle Corporation"/>
    <property name="java.home" value="C:\Program Files\Java\jdk1.8.0_202\jre"/>
    <property name="basedir" value="D:\JANBASK\WEEKEND_WORKSPACE_BATCH1\BDD"/>
    <property name="file.separator" value="\"/>
    <property name="line.separator" value="&#10;"/>
    <property name="java.vm.specification.vendor" value="Oracle Corporation"/>
    <property name="java.specification.name" value="Java Platform API Specification"/>
    <property name="java.awt.graphicsenv" value="sun.awt.Win32GraphicsEnvironment"/>
    <property name="surefire.real.class.path" value="C:\Users\somai\AppData\Local\Temp\surefire3060580302491434164\surefirebooter66522560793666967.jar"/>
    <property name="sun.boot.class.path" value="C:\Program Files\Java\jdk1.8.0_202\jre\lib\resources.jar;C:\Program Files\Java\jdk1.8.0_202\jre\lib\rt.jar;C:\Program Files\Java\jdk1.8.0_202\jre\lib\sunrsasign.jar;C:\Program Files\Java\jdk1.8.0_202\jre\lib\jsse.jar;C:\Program Files\Java\jdk1.8.0_202\jre\lib\jce.jar;C:\Program Files\Java\jdk1.8.0_202\jre\lib\charsets.jar;C:\Program Files\Java\jdk1.8.0_202\jre\lib\jfr.jar;C:\Program Files\Java\jdk1.8.0_202\jre\classes"/>
    <property name="user.script" value=""/>
    <property name="sun.management.compiler" value="HotSpot 64-Bit Tiered Compilers"/>
    <property name="java.runtime.version" value="1.8.0_202-b08"/>
    <property name="user.name" value="somai"/>
    <property name="path.separator" value=";"/>
    <property name="os.version" value="10.0"/>
    <property name="java.endorsed.dirs" value="C:\Program Files\Java\jdk1.8.0_202\jre\lib\endorsed"/>
    <property name="java.runtime.name" value="Java(TM) SE Runtime Environment"/>
    <property name="file.encoding" value="Cp1252"/>
    <property name="java.vm.name" value="Java HotSpot(TM) 64-Bit Server VM"/>
    <property name="localRepository" value="C:\Users\somai\.m2\repository"/>
    <property name="java.vendor.url.bug" value="http://bugreport.sun.com/bugreport/"/>
    <property name="java.io.tmpdir" value="C:\Users\somai\AppData\Local\Temp\"/>
    <property name="java.version" value="1.8.0_202"/>
    <property name="user.dir" value="D:\JANBASK\WEEKEND_WORKSPACE_BATCH1\BDD"/>
    <property name="os.arch" value="amd64"/>
    <property name="java.vm.specification.name" value="Java Virtual Machine Specification"/>
    <property name="java.awt.printerjob" value="sun.awt.windows.WPrinterJob"/>
    <property name="sun.os.patch.level" value=""/>
    <property name="java.library.path" value="C:\Program Files\Java\jdk1.8.0_202\jre\bin;C:\Windows\Sun\Java\bin;C:\Windows\system32;C:\Windows;C:\Program Files (x86)\Common Files\Oracle\Java\javapath;C:\Program Files\Common Files\Oracle\Java\javapath;C:\Windows\system32;C:\Windows;C:\Windows\System32\Wbem;C:\Windows\System32\WindowsPowerShell\v1.0\;C:\Windows\System32\OpenSSH\;C:\Program Files\Java\jdk1.8.0_202\bin;C:\apache-maven-3.8.1\bin;C:\Program Files\Git\cmd;C:\Program Files\MySQL\MySQL Shell 8.0\bin\;C:\Users\somai\AppData\Local\Microsoft\WindowsApps;."/>
    <property name="java.vm.info" value="mixed mode"/>
    <property name="java.vendor" value="Oracle Corporation"/>
    <property name="java.vm.version" value="25.202-b08"/>
    <property name="java.ext.dirs" value="C:\Program Files\Java\jdk1.8.0_202\jre\lib\ext;C:\Windows\Sun\Java\lib\ext"/>
    <property name="sun.io.unicode.encoding" value="UnicodeLittle"/>
    <property name="java.class.version" value="52.0"/>
  </properties>
  <testcase name="Given server is running" classname="Scenario: Login to application" time="0.003"/>
  <testcase name="And I username and password is created" classname="Scenario: Login to application" time="0"/>
  <testcase name="Given Enter the &quot;http://www.gmail.com&quot; of the application" classname="Scenario: Login to application" time="0"/>
  <testcase name="When Enter the username &quot;admin&quot;" classname="Scenario: Login to application" time="0"/>
  <testcase name="When Enter the  password &quot;admin123&quot;" classname="Scenario: Login to application" time="0"/>
  <testcase name="And Click Submit" classname="Scenario: Login to application" time="0"/>
  <testcase name="Then Login Successful" classname="Scenario: Login to application" time="0"/>
  <testcase name="Scenario: Login to application" classname="Scenario: Login to application" time="0.001"/>
  <testcase name="Given server is running" classname="| joe | joe | http://www.hotmail.com |" time="0"/>
  <testcase name="And I username and password is created" classname="| joe | joe | http://www.hotmail.com |" time="0"/>
  <testcase name="Given Enter the &quot;http://www.hotmail.com&quot; of the application" classname="| joe | joe | http://www.hotmail.com |" time="0"/>
  <testcase name="When Enter the username &quot;joe&quot;" classname="| joe | joe | http://www.hotmail.com |" time="0"/>
  <testcase name="When Enter the  password &quot;joe&quot;" classname="| joe | joe | http://www.hotmail.com |" time="0"/>
  <testcase name="And Click Submit" classname="| joe | joe | http://www.hotmail.com |" time="0"/>
  <testcase name="Then Login Successful" classname="| joe | joe | http://www.hotmail.com |" time="0"/>
  <testcase name="| joe | joe | http://www.hotmail.com |" classname="| joe | joe | http://www.hotmail.com |" time="0.001"/>
  <testcase name="Given server is running" classname="| mark | pwd123 | http://www.bing.com |" time="0"/>
  <testcase name="And I username and password is created" classname="| mark | pwd123 | http://www.bing.com |" time="0"/>
  <testcase name="Given Enter the &quot;http://www.bing.com&quot; of the application" classname="| mark | pwd123 | http://www.bing.com |" time="0"/>
  <testcase name="When Enter the username &quot;mark&quot;" classname="| mark | pwd123 | http://www.bing.com |" time="0"/>
  <testcase name="When Enter the  password &quot;pwd123&quot;" classname="| mark | pwd123 | http://www.bing.com |" time="0"/>
  <testcase name="And Click Submit" classname="| mark | pwd123 | http://www.bing.com |" time="0"/>
  <testcase name="Then Login Successful" classname="| mark | pwd123 | http://www.bing.com |" time="0"/>
  <testcase name="| mark | pwd123 | http://www.bing.com |" classname="| mark | pwd123 | http://www.bing.com |" time="0.001"/>
</testsuite>